
> angular-seed@0.0.0 prestart /Users/evanpease/WebStormProjects/fusion-seed-ui
> npm install


> angular-seed@0.0.0 postinstall /Users/evanpease/WebStormProjects/fusion-seed-ui
> bower install


> angular-seed@0.0.0 start /Users/evanpease/WebStormProjects/fusion-seed-ui
> http-server -a localhost -p 8000 -c-1

[33mStarting up http-server, serving [39m[36m./[39m[33m on port: [39m[36m8000[39m
Hit CTRL-C to stop the server

npm ERR! Darwin 14.0.0
npm ERR! argv "node" "/usr/local/bin/npm" "start"
npm ERR! node v0.10.35
npm ERR! npm  v2.1.18
npm ERR! code ELIFECYCLE
npm ERR! angular-seed@0.0.0 start: `http-server -a localhost -p 8000 -c-1`
npm ERR! Exit status 143
npm ERR! 
npm ERR! Failed at the angular-seed@0.0.0 start script 'http-server -a localhost -p 8000 -c-1'.
npm ERR! This is most likely a problem with the angular-seed package,
npm ERR! not with npm itself.
npm ERR! Tell the author that this fails on your system:
npm ERR!     http-server -a localhost -p 8000 -c-1
npm ERR! You can get their info via:
npm ERR!     npm owner ls angular-seed
npm ERR! There is likely additional logging output above.

npm ERR! Please include the following file with any support request:
npm ERR!     /Users/evanpease/WebStormProjects/fusion-seed-ui/npm-debug.log
